#-----------------------------------------------------------
# Webtalk v2019.1 (64-bit)
# SW Build 2552052 on Fri May 24 14:49:42 MDT 2019
# 
# Start of session at: Thu Oct  7 00:31:10 2021
# Process ID: 14024
# Current directory: C:/Users/jabbo/Desktop/ECE253_Lab1a/ECE253_Lab1a.sdk/webtalk
# Command line: wbtcv.exe -mode batch -source sdk_webtalk.tcl
# Log file: C:/Users/jabbo/Desktop/ECE253_Lab1a/ECE253_Lab1a.sdk/webtalk/webtalk.log
# Journal file: C:/Users/jabbo/Desktop/ECE253_Lab1a/ECE253_Lab1a.sdk/webtalk\webtalk.jou
#-----------------------------------------------------------
source sdk_webtalk.tcl
# webtalk_init -webtalk_dir C:\\Users\\jabbo\\Desktop\\ECE253_Lab1a\\ECE253_Lab1a.sdk\\webtalk
# webtalk_register_client -client project
# webtalk_add_data -client project -key date_generated -value "2021-10-07 00:31:08" -context "software_version_and_target_device"
# webtalk_add_data -client project -key product_version -value "SDK v2019.1" -context "software_version_and_target_device"
# webtalk_add_data -client project -key build_version -value "2019.1" -context "software_version_and_target_device"
# webtalk_add_data -client project -key os_platform -value "amd64" -context "software_version_and_target_device"
# webtalk_add_data -client project -key registration_id -value "212060263_0_0_766" -context "software_version_and_target_device"
# webtalk_add_data -client project -key tool_flow -value "SDK" -context "software_version_and_target_device"
# webtalk_add_data -client project -key beta -value "false" -context "software_version_and_target_device"
# webtalk_add_data -client project -key route_design -value "NA" -context "software_version_and_target_device"
# webtalk_add_data -client project -key target_family -value "NA" -context "software_version_and_target_device"
# webtalk_add_data -client project -key target_device -value "NA" -context "software_version_and_target_device"
# webtalk_add_data -client project -key target_package -value "NA" -context "software_version_and_target_device"
# webtalk_add_data -client project -key target_speed -value "NA" -context "software_version_and_target_device"
# webtalk_add_data -client project -key random_id -value "db79j3pginujuu3uj1eljq279i" -context "software_version_and_target_device"
# webtalk_add_data -client project -key project_id -value "2019.1_1" -context "software_version_and_target_device"
# webtalk_add_data -client project -key project_iteration -value "1" -context "software_version_and_target_device"
# webtalk_add_data -client project -key os_name -value "Microsoft Windows 8 or later , 64-bit" -context "user_environment"
# webtalk_add_data -client project -key os_release -value "major release  (build 9200)" -context "user_environment"
# webtalk_add_data -client project -key cpu_name -value "AMD Ryzen 9 3900X 12-Core Processor            " -context "user_environment"
# webtalk_add_data -client project -key cpu_speed -value "3793 MHz" -context "user_environment"
# webtalk_add_data -client project -key total_processors -value "2" -context "user_environment"
# webtalk_add_data -client project -key system_ram -value "34.265 GB" -context "user_environment"
# webtalk_register_client -client sdk
# webtalk_add_data -client sdk -key uid -value "1633581582204" -context "sdk\\\\hardware/1633581582204"
# webtalk_add_data -client sdk -key isZynq -value "false" -context "sdk\\\\hardware/1633581582204"
# webtalk_add_data -client sdk -key isZynqMP -value "false" -context "sdk\\\\hardware/1633581582204"
# webtalk_add_data -client sdk -key Processors -value "1" -context "sdk\\\\hardware/1633581582204"
# webtalk_add_data -client sdk -key VivadoVersion -value "2019.1" -context "sdk\\\\hardware/1633581582204"
# webtalk_add_data -client sdk -key Arch -value "artix7" -context "sdk\\\\hardware/1633581582204"
# webtalk_add_data -client sdk -key Device -value "7a100t" -context "sdk\\\\hardware/1633581582204"
# webtalk_add_data -client sdk -key IsHandoff -value "true" -context "sdk\\\\hardware/1633581582204"
# webtalk_add_data -client sdk -key os -value "NA" -context "sdk\\\\hardware/1633581582204"
# webtalk_add_data -client sdk -key apptemplate -value "NA" -context "sdk\\\\hardware/1633581582204"
# webtalk_add_data -client sdk -key RecordType -value "HWCreation" -context "sdk\\\\hardware/1633581582204"
# webtalk_add_data -client sdk -key uid -value "NA" -context "sdk\\\\bsp/1633591868939"
# webtalk_add_data -client sdk -key RecordType -value "ToolUsage" -context "sdk\\\\bsp/1633591868939"
# webtalk_add_data -client sdk -key BootgenCount -value "0" -context "sdk\\\\bsp/1633591868939"
# webtalk_add_data -client sdk -key DebugCount -value "42" -context "sdk\\\\bsp/1633591868939"
# webtalk_add_data -client sdk -key PerfCount -value "0" -context "sdk\\\\bsp/1633591868939"
# webtalk_add_data -client sdk -key FlashCount -value "0" -context "sdk\\\\bsp/1633591868939"
# webtalk_add_data -client sdk -key CrossTriggCount -value "0" -context "sdk\\\\bsp/1633591868939"
# webtalk_add_data -client sdk -key QemuDebugCount -value "0" -context "sdk\\\\bsp/1633591868939"
# webtalk_transmit -clientid 3049290309 -regid "212060263_0_0_766" -xml C:\\Users\\jabbo\\Desktop\\ECE253_Lab1a\\ECE253_Lab1a.sdk\\webtalk\\usage_statistics_ext_sdk.xml -html C:\\Users\\jabbo\\Desktop\\ECE253_Lab1a\\ECE253_Lab1a.sdk\\webtalk\\usage_statistics_ext_sdk.html -wdm C:\\Users\\jabbo\\Desktop\\ECE253_Lab1a\\ECE253_Lab1a.sdk\\webtalk\\sdk_webtalk.wdm -intro "<H3>SDK Usage Report</H3><BR>"
# webtalk_terminate
INFO: [Common 17-206] Exiting Webtalk at Thu Oct  7 00:31:11 2021...
