#-----------------------------------------------------------
# Vivado v2019.1 (64-bit)
# SW Build 2552052 on Fri May 24 14:49:42 MDT 2019
# IP Build 2548770 on Fri May 24 18:01:18 MDT 2019
# Start of session at: Thu Oct  7 09:17:04 2021
# Process ID: 10068
# Current directory: C:/Users/jabbo/Desktop/ECE253_Lab1a
# Command line: vivado.exe -gui_launcher_event rodinguilauncherevent13116 C:\Users\jabbo\Desktop\ECE253_Lab1a\ECE253_Lab1a.xpr
# Log file: C:/Users/jabbo/Desktop/ECE253_Lab1a/vivado.log
# Journal file: C:/Users/jabbo/Desktop/ECE253_Lab1a\vivado.jou
#-----------------------------------------------------------
start_gui
open_project C:/Users/jabbo/Desktop/ECE253_Lab1a/ECE253_Lab1a.xpr
WARNING: [Board 49-91] Board repository path 'C:/Users/jabbo/AppData/Roaming/Xilinx/Vivado/2019.1/xhub/board_store' does not exist, it will not be used to search board files.
INFO: [Project 1-313] Project file moved from 'C:/Users/jabbo/iCloudDrive/School/Fall 2021/ECE 253/ECE253_Lab1a' since last save.
Scanning sources...
Finished scanning sources
WARNING: [filemgmt 56-2] IP Repository Path: Could not find the directory 'C:/Users/jabbo/Desktop/Downloads/lab_files_2021/vivado/seven/ip_repo', nor could it be found using path 'C:/Users/jabbo/iCloudDrive/School/Fall 2021/ECE 253/Downloads/lab_files_2021/vivado/seven/ip_repo'.
INFO: [IP_Flow 19-234] Refreshing IP repositories
WARNING: [IP_Flow 19-2248] Failed to load user IP repository 'c:/Users/jabbo/Desktop/Downloads/lab_files_2021/vivado/seven/ip_repo'; Can't find the specified path.
If this directory should no longer be in your list of user repositories, go to the IP Settings dialog and remove it.
INFO: [IP_Flow 19-2313] Loaded Vivado IP repository 'C:/Xilinx/Vivado/2019.1/data/ip'.
WARNING: [BD 41-1661] One or more IPs have been locked in the design 'system.bd'. Please run report_ip_status for more details and recommendations on how to fix this issue.
List of locked IPs:
system_sevenSeg_0_0

open_project: Time (s): cpu = 00:00:18 ; elapsed = 00:00:12 . Memory (MB): peak = 967.152 ; gain = 254.883
update_compile_order -fileset sources_1
reset_run synth_1
launch_runs impl_1 -to_step write_bitstream -jobs 12
INFO: [IP_Flow 19-4993] Using cached IP synthesis design for IP system_mig_7series_0_0, cache-ID = 91ff4830f3aedc02; cache size = 40.402 MB.
WARNING: [Vivado 12-4801] The synthesis checkpoint for IP 'C:/Users/jabbo/Desktop/ECE253_Lab1a/ECE253_Lab1a.srcs/sources_1/bd/system/ip/system_mig_7series_0_0/system_mig_7series_0_0.xci' is available but stale and the IP is locked. An out-of-context (OOC) run will be created and/or launched, but synthesis may not be able to complete or could result in incorrect behavior.
Please select 'Report IP Status' from the 'Tools/Report' menu or run Tcl command 'report_ip_status' for more information.
[Thu Oct  7 09:17:51 2021] Launched synth_1...
Run output will be captured here: C:/Users/jabbo/Desktop/ECE253_Lab1a/ECE253_Lab1a.runs/synth_1/runme.log
[Thu Oct  7 09:17:51 2021] Launched impl_1...
Run output will be captured here: C:/Users/jabbo/Desktop/ECE253_Lab1a/ECE253_Lab1a.runs/impl_1/runme.log
launch_runs: Time (s): cpu = 00:00:17 ; elapsed = 00:00:12 . Memory (MB): peak = 1917.762 ; gain = 12.988
launch_sdk -workspace C:/Users/jabbo/Desktop/ECE253_Lab1a/ECE253_Lab1a.sdk -hwspec C:/Users/jabbo/Desktop/ECE253_Lab1a/ECE253_Lab1a.sdk/system_wrapper.hdf
INFO: [Vivado 12-393] Launching SDK...
INFO: [Vivado 12-417] Running xsdk -workspace C:/Users/jabbo/Desktop/ECE253_Lab1a/ECE253_Lab1a.sdk -hwspec C:/Users/jabbo/Desktop/ECE253_Lab1a/ECE253_Lab1a.sdk/system_wrapper.hdf
INFO: [Vivado 12-3157] SDK launch initiated. Please check console for any further messages.
exit
INFO: [Common 17-206] Exiting Vivado at Thu Oct  7 11:16:32 2021...
